<?xml version="1.0" encoding="UTF-8"?>
<!-- Generated by org.testng.reporters.JUnitReportReporter -->
<testsuite skipped="4" hostname="DESKTOP-7UMI6SO" name="tests.HotelLogin" tests="6" failures="0" timestamp="10 Jul 2020 16:54:04 GMT" time="24.744" errors="0">
  <testcase name="loginToHotelPage" time="14.840" classname="tests.HotelLogin"/>
  <testcase name="testtwo" time="9.904" classname="tests.HotelLogin"/>
  <testcase name="testzero" classname="tests.HotelLogin">
    <skipped/>
  </testcase> <!-- testzero -->
  <testcase name="loginToHotelPage" classname="tests.HotelLogin">
    <skipped/>
  </testcase> <!-- loginToHotelPage -->
  <testcase name="testthree" classname="tests.HotelLogin">
    <skipped/>
  </testcase> <!-- testthree -->
  <testcase name="testone" classname="tests.HotelLogin">
    <skipped/>
  </testcase> <!-- testone -->
</testsuite> <!-- tests.HotelLogin -->
