<?xml version="1.0" encoding="UTF-8"?>
<!-- Generated by org.testng.reporters.JUnitReportReporter -->
<testsuite skipped="1" hostname="DESKTOP-7UMI6SO" name="tests.CreatAccount" tests="1" failures="0" timestamp="10 Jul 2020 23:27:38 GMT" time="0.000" errors="0">
  <testcase name="createAccount" time="0.000" classname="tests.CreatAccount">
    <skipped/>
  </testcase> <!-- createAccount -->
</testsuite> <!-- tests.CreatAccount -->
